<?xml version="1.0" encoding="UTF-8"?>
<testng-results ignored="0" total="1" passed="1" failed="0" skipped="0">
  <reporter-output>
  </reporter-output>
  <suite started-at="2025-03-05T17:34:18 IST" name="Default suite" finished-at="2025-03-05T17:34:34 IST" duration-ms="16226">
    <groups>
    </groups>
    <test started-at="2025-03-05T17:34:18 IST" name="Default test" finished-at="2025-03-05T17:34:34 IST" duration-ms="16226">
      <class name="demoQA.DemoQAElements">
        <test-method is-config="true" signature="setup()[pri:0, instance:demoQA.DemoQAElements@6ad82709]" started-at="2025-03-05T17:34:18 IST" name="setup" finished-at="2025-03-05T17:34:21 IST" duration-ms="3679" status="PASS">
          <reporter-output>
          </reporter-output>
        </test-method> <!-- setup -->
        <test-method signature="ElementsinDemoQA()[pri:0, instance:demoQA.DemoQAElements@6ad82709]" started-at="2025-03-05T17:34:21 IST" name="ElementsinDemoQA" finished-at="2025-03-05T17:34:32 IST" duration-ms="11068" status="PASS">
          <reporter-output>
          </reporter-output>
        </test-method> <!-- ElementsinDemoQA -->
        <test-method is-config="true" signature="tearDown()[pri:0, instance:demoQA.DemoQAElements@6ad82709]" started-at="2025-03-05T17:34:32 IST" name="tearDown" finished-at="2025-03-05T17:34:34 IST" duration-ms="1426" status="PASS">
          <reporter-output>
          </reporter-output>
        </test-method> <!-- tearDown -->
      </class> <!-- demoQA.DemoQAElements -->
    </test> <!-- Default test -->
  </suite> <!-- Default suite -->
</testng-results>
